[2025-05-05 05:55:57] production.INFO: Search customers request received {"request":{"search":"D","page":"1"}} 
[2025-05-05 05:55:57] production.INFO: Customers found {"count":10} 
[2025-05-05 05:55:58] production.INFO: Search customers request received {"request":{"search":"Di","page":"1"}} 
[2025-05-05 05:55:58] production.INFO: Customers found {"count":10} 
[2025-05-05 05:55:58] production.INFO: Search customers request received {"request":{"search":"Dil","page":"1"}} 
[2025-05-05 05:55:58] production.INFO: Customers found {"count":10} 
[2025-05-05 05:56:00] production.INFO: Search customers request received {"request":{"search":"Dilshan","page":"1"}} 
[2025-05-05 05:56:01] production.INFO: Customers found {"count":1} 
[2025-05-05 05:56:04] production.INFO: Search customers request received {"request":{"search":"Dilsha","page":"1"}} 
[2025-05-05 05:56:04] production.INFO: Customers found {"count":2} 
[2025-05-05 05:56:05] production.INFO: Search customers request received {"request":{"search":"D","page":"1"}} 
[2025-05-05 05:56:05] production.INFO: Customers found {"count":10} 
[2025-05-05 05:56:06] production.INFO: Search customers request received {"request":{"search":"0","page":"1"}} 
[2025-05-05 05:56:06] production.INFO: Customers found {"count":10} 
[2025-05-05 05:56:06] production.INFO: Search customers request received {"request":{"search":"01","page":"1"}} 
[2025-05-05 05:56:06] production.INFO: Customers found {"count":10} 
[2025-05-05 05:56:07] production.INFO: Search customers request received {"request":{"search":"019","page":"1"}} 
[2025-05-05 05:56:07] production.INFO: Customers found {"count":10} 
[2025-05-05 05:56:07] production.INFO: Search customers request received {"request":{"search":"0198","page":"1"}} 
[2025-05-05 05:56:07] production.INFO: Customers found {"count":10} 
[2025-05-05 05:56:08] production.INFO: Search customers request received {"request":{"search":"01984","page":"1"}} 
[2025-05-05 05:56:08] production.INFO: Customers found {"count":8} 
[2025-05-05 05:56:08] production.INFO: Search customers request received {"request":{"search":"019846","page":"1"}} 
[2025-05-05 05:56:08] production.INFO: Customers found {"count":1} 
[2025-05-05 05:56:09] production.INFO: Search customers request received {"request":{"search":"0198460","page":"1"}} 
[2025-05-05 05:56:09] production.INFO: Customers found {"count":1} 
[2025-05-05 05:56:09] production.INFO: Search customers request received {"request":{"search":"019846033","page":"1"}} 
[2025-05-05 05:56:10] production.INFO: Customers found {"count":1} 
[2025-05-05 05:56:10] production.INFO: Search customers request received {"request":{"search":"01984603367","page":"1"}} 
[2025-05-05 05:56:10] production.INFO: Customers found {"count":1} 
[2025-05-05 05:56:12] production.INFO: Search customers request received {"request":{"search":"0198460336","page":"1"}} 
[2025-05-05 05:56:12] production.INFO: Customers found {"count":1} 
[2025-05-05 05:56:13] production.INFO: Search customers request received {"request":{"search":"0","page":"1"}} 
[2025-05-05 05:56:13] production.INFO: Customers found {"count":10} 
[2025-05-05 05:57:11] production.INFO: Search customers request received {"request":{"search":"d","page":"1"}} 
[2025-05-05 05:57:11] production.INFO: Customers found {"count":10} 
[2025-05-05 06:08:47] production.INFO: Search customers request received {"request":{"search":"01984","page":"1"}} 
[2025-05-05 06:08:47] production.INFO: Customers found {"count":8} 
[2025-05-05 06:08:49] production.INFO: Search customers request received {"request":{"search":"0198460","page":"1"}} 
[2025-05-05 06:08:50] production.INFO: Customers found {"count":1} 
[2025-05-05 06:15:55] production.INFO: Search customers request received {"request":{"search":"di","page":"1"}} 
[2025-05-05 06:15:55] production.INFO: Customers found {"count":10} 
[2025-05-05 06:15:55] production.INFO: Search customers request received {"request":{"search":"dils","page":"1"}} 
[2025-05-05 06:15:55] production.INFO: Customers found {"count":2} 
[2025-05-05 06:19:57] production.INFO: Search customers request received {"request":{"search":"Dilsha","page":"1"}} 
[2025-05-05 06:19:57] production.INFO: Customers found {"count":2} 
[2025-05-05 06:24:07] production.INFO: Search customers request received {"request":{"search":"Dilsh","page":"1"}} 
[2025-05-05 06:24:07] production.INFO: Customers found {"count":2} 
[2025-05-05 06:24:44] production.INFO: Search customers request received {"request":{"search":"Dilsh","page":"1"}} 
[2025-05-05 06:24:44] production.INFO: Customers found {"count":2} 
[2025-05-05 06:25:09] production.INFO: Search customers request received {"request":{"search":"Dilsh","page":"1"}} 
[2025-05-05 06:25:09] production.INFO: Customers found {"count":2} 
[2025-05-05 06:25:10] production.INFO: Search customers request received {"request":{"search":"Dilshan","page":"1"}} 
[2025-05-05 06:25:10] production.INFO: Customers found {"count":1} 
[2025-05-05 06:29:19] production.INFO: Search customers request received {"request":{"search":"d","page":"1"}} 
[2025-05-05 06:29:19] production.INFO: Customers found {"count":10} 
[2025-05-05 06:29:20] production.INFO: Search customers request received {"request":{"search":"di","page":"1"}} 
[2025-05-05 06:29:20] production.INFO: Customers found {"count":10} 
[2025-05-05 06:29:20] production.INFO: Search customers request received {"request":{"search":"dil","page":"1"}} 
[2025-05-05 06:29:20] production.INFO: Customers found {"count":10} 
[2025-05-05 06:29:20] production.INFO: Search customers request received {"request":{"search":"dils","page":"1"}} 
[2025-05-05 06:29:21] production.INFO: Customers found {"count":2} 
[2025-05-05 06:30:26] production.INFO: Search customers request received {"request":{"search":"d","page":"1"}} 
[2025-05-05 06:30:26] production.INFO: Customers found {"count":10} 
[2025-05-05 06:30:27] production.INFO: Search customers request received {"request":{"search":"dil","page":"1"}} 
[2025-05-05 06:30:27] production.INFO: Customers found {"count":10} 
[2025-05-05 06:30:54] production.INFO: Search customers request received {"request":{"search":"Di","page":"1"}} 
[2025-05-05 06:30:54] production.INFO: Customers found {"count":10} 
[2025-05-05 06:30:54] production.INFO: Search customers request received {"request":{"search":"Dil","page":"1"}} 
[2025-05-05 06:30:54] production.INFO: Customers found {"count":10} 
[2025-05-05 06:30:56] production.INFO: Search customers request received {"request":{"search":"Dils","page":"1"}} 
[2025-05-05 06:30:56] production.INFO: Customers found {"count":2} 
[2025-05-05 06:30:56] production.INFO: Search customers request received {"request":{"search":"Dilshan","page":"1"}} 
[2025-05-05 06:30:56] production.INFO: Customers found {"count":1} 
